2025-04-21 14:40:57,678 INFO     patching driver executable /Users/yusaku/Library/Application Support/undetected_chromedriver/undetected_chromedriver
2025-04-21 14:40:59,264 ERROR    workflow error: Message: invalid argument
  (Session info: chrome=135.0.7049.96)
Stacktrace:
0   undetected_chromedriver             0x000000010467d448 undetected_chromedriver + 6149192
1   undetected_chromedriver             0x0000000104674b0a undetected_chromedriver + 6114058
2   undetected_chromedriver             0x0000000104105cc3 undetected_chromedriver + 416963
3   undetected_chromedriver             0x00000001040ec668 undetected_chromedriver + 312936
4   undetected_chromedriver             0x00000001040ead91 undetected_chromedriver + 306577
5   undetected_chromedriver             0x00000001040eb37a undetected_chromedriver + 308090
6   undetected_chromedriver             0x0000000104109359 undetected_chromedriver + 430937
7   undetected_chromedriver             0x00000001041a56f5 undetected_chromedriver + 1070837
8   undetected_chromedriver             0x000000010417d792 undetected_chromedriver + 907154
9   undetected_chromedriver             0x00000001041a4aca undetected_chromedriver + 1067722
10  undetected_chromedriver             0x000000010417d563 undetected_chromedriver + 906595
11  undetected_chromedriver             0x0000000104149955 undetected_chromedriver + 694613
12  undetected_chromedriver             0x000000010414a5b1 undetected_chromedriver + 697777
13  undetected_chromedriver             0x000000010463af00 undetected_chromedriver + 5877504
14  undetected_chromedriver             0x000000010463edf1 undetected_chromedriver + 5893617
15  undetected_chromedriver             0x0000000104615344 undetected_chromedriver + 5722948
16  undetected_chromedriver             0x000000010463f80b undetected_chromedriver + 5896203
17  undetected_chromedriver             0x0000000104603ac4 undetected_chromedriver + 5651140
18  undetected_chromedriver             0x0000000104662918 undetected_chromedriver + 6039832
19  undetected_chromedriver             0x0000000104662ae0 undetected_chromedriver + 6040288
20  undetected_chromedriver             0x00000001046746d1 undetected_chromedriver + 6112977
21  libsystem_pthread.dylib             0x00007ff8010ac253 _pthread_start + 99
22  libsystem_pthread.dylib             0x00007ff8010a7bef thread_start + 15
Traceback (most recent call last):
  File "/Users/yusaku/kakeru/マシュマロ.py", line 176, in flow
    q=post_question(d)
      ^^^^^^^^^^^^^^^^
  File "/Users/yusaku/kakeru/マシュマロ.py", line 92, in post_question
    drv.get(ENV_MASH_URL)
  File "/Users/yusaku/.pyenv/versions/3.11.5/envs/myenv/lib/python3.11/site-packages/undetected_chromedriver/__init__.py", line 665, in get
    return super().get(url)
           ^^^^^^^^^^^^^^^^
  File "/Users/yusaku/.pyenv/versions/3.11.5/envs/myenv/lib/python3.11/site-packages/selenium/webdriver/remote/webdriver.py", line 454, in get
    self.execute(Command.GET, {"url": url})
  File "/Users/yusaku/.pyenv/versions/3.11.5/envs/myenv/lib/python3.11/site-packages/selenium/webdriver/remote/webdriver.py", line 429, in execute
    self.error_handler.check_response(response)
  File "/Users/yusaku/.pyenv/versions/3.11.5/envs/myenv/lib/python3.11/site-packages/selenium/webdriver/remote/errorhandler.py", line 232, in check_response
    raise exception_class(message, screen, stacktrace)
selenium.common.exceptions.InvalidArgumentException: Message: invalid argument
  (Session info: chrome=135.0.7049.96)
Stacktrace:
0   undetected_chromedriver             0x000000010467d448 undetected_chromedriver + 6149192
1   undetected_chromedriver             0x0000000104674b0a undetected_chromedriver + 6114058
2   undetected_chromedriver             0x0000000104105cc3 undetected_chromedriver + 416963
3   undetected_chromedriver             0x00000001040ec668 undetected_chromedriver + 312936
4   undetected_chromedriver             0x00000001040ead91 undetected_chromedriver + 306577
5   undetected_chromedriver             0x00000001040eb37a undetected_chromedriver + 308090
6   undetected_chromedriver             0x0000000104109359 undetected_chromedriver + 430937
7   undetected_chromedriver             0x00000001041a56f5 undetected_chromedriver + 1070837
8   undetected_chromedriver             0x000000010417d792 undetected_chromedriver + 907154
9   undetected_chromedriver             0x00000001041a4aca undetected_chromedriver + 1067722
10  undetected_chromedriver             0x000000010417d563 undetected_chromedriver + 906595
11  undetected_chromedriver             0x0000000104149955 undetected_chromedriver + 694613
12  undetected_chromedriver             0x000000010414a5b1 undetected_chromedriver + 697777
13  undetected_chromedriver             0x000000010463af00 undetected_chromedriver + 5877504
14  undetected_chromedriver             0x000000010463edf1 undetected_chromedriver + 5893617
15  undetected_chromedriver             0x0000000104615344 undetected_chromedriver + 5722948
16  undetected_chromedriver             0x000000010463f80b undetected_chromedriver + 5896203
17  undetected_chromedriver             0x0000000104603ac4 undetected_chromedriver + 5651140
18  undetected_chromedriver             0x0000000104662918 undetected_chromedriver + 6039832
19  undetected_chromedriver             0x0000000104662ae0 undetected_chromedriver + 6040288
20  undetected_chromedriver             0x00000001046746d1 undetected_chromedriver + 6112977
21  libsystem_pthread.dylib             0x00007ff8010ac253 _pthread_start + 99
22  libsystem_pthread.dylib             0x00007ff8010a7bef thread_start + 15

2025-04-21 14:45:56,693 INFO     patching driver executable /Users/yusaku/Library/Application Support/undetected_chromedriver/undetected_chromedriver
2025-04-21 14:45:58,266 ERROR    workflow error: Message: invalid argument
  (Session info: chrome=135.0.7049.96)
Stacktrace:
0   undetected_chromedriver             0x00000001047ce448 undetected_chromedriver + 6149192
1   undetected_chromedriver             0x00000001047c5b0a undetected_chromedriver + 6114058
2   undetected_chromedriver             0x0000000104256cc3 undetected_chromedriver + 416963
3   undetected_chromedriver             0x000000010423d668 undetected_chromedriver + 312936
4   undetected_chromedriver             0x000000010423bd91 undetected_chromedriver + 306577
5   undetected_chromedriver             0x000000010423c37a undetected_chromedriver + 308090
6   undetected_chromedriver             0x000000010425a359 undetected_chromedriver + 430937
7   undetected_chromedriver             0x00000001042f66f5 undetected_chromedriver + 1070837
8   undetected_chromedriver             0x00000001042ce792 undetected_chromedriver + 907154
9   undetected_chromedriver             0x00000001042f5aca undetected_chromedriver + 1067722
10  undetected_chromedriver             0x00000001042ce563 undetected_chromedriver + 906595
11  undetected_chromedriver             0x000000010429a955 undetected_chromedriver + 694613
12  undetected_chromedriver             0x000000010429b5b1 undetected_chromedriver + 697777
13  undetected_chromedriver             0x000000010478bf00 undetected_chromedriver + 5877504
14  undetected_chromedriver             0x000000010478fdf1 undetected_chromedriver + 5893617
15  undetected_chromedriver             0x0000000104766344 undetected_chromedriver + 5722948
16  undetected_chromedriver             0x000000010479080b undetected_chromedriver + 5896203
17  undetected_chromedriver             0x0000000104754ac4 undetected_chromedriver + 5651140
18  undetected_chromedriver             0x00000001047b3918 undetected_chromedriver + 6039832
19  undetected_chromedriver             0x00000001047b3ae0 undetected_chromedriver + 6040288
20  undetected_chromedriver             0x00000001047c56d1 undetected_chromedriver + 6112977
21  libsystem_pthread.dylib             0x00007ff8010ac253 _pthread_start + 99
22  libsystem_pthread.dylib             0x00007ff8010a7bef thread_start + 15
Traceback (most recent call last):
  File "/Users/yusaku/kakeru/マシュマロ.py", line 176, in flow
    q=post_question(d)
      ^^^^^^^^^^^^^^^^
  File "/Users/yusaku/kakeru/マシュマロ.py", line 92, in post_question
    drv.get(ENV_MASH_URL)
  File "/Users/yusaku/.pyenv/versions/3.11.5/envs/myenv/lib/python3.11/site-packages/undetected_chromedriver/__init__.py", line 665, in get
    return super().get(url)
           ^^^^^^^^^^^^^^^^
  File "/Users/yusaku/.pyenv/versions/3.11.5/envs/myenv/lib/python3.11/site-packages/selenium/webdriver/remote/webdriver.py", line 454, in get
    self.execute(Command.GET, {"url": url})
  File "/Users/yusaku/.pyenv/versions/3.11.5/envs/myenv/lib/python3.11/site-packages/selenium/webdriver/remote/webdriver.py", line 429, in execute
    self.error_handler.check_response(response)
  File "/Users/yusaku/.pyenv/versions/3.11.5/envs/myenv/lib/python3.11/site-packages/selenium/webdriver/remote/errorhandler.py", line 232, in check_response
    raise exception_class(message, screen, stacktrace)
selenium.common.exceptions.InvalidArgumentException: Message: invalid argument
  (Session info: chrome=135.0.7049.96)
Stacktrace:
0   undetected_chromedriver             0x00000001047ce448 undetected_chromedriver + 6149192
1   undetected_chromedriver             0x00000001047c5b0a undetected_chromedriver + 6114058
2   undetected_chromedriver             0x0000000104256cc3 undetected_chromedriver + 416963
3   undetected_chromedriver             0x000000010423d668 undetected_chromedriver + 312936
4   undetected_chromedriver             0x000000010423bd91 undetected_chromedriver + 306577
5   undetected_chromedriver             0x000000010423c37a undetected_chromedriver + 308090
6   undetected_chromedriver             0x000000010425a359 undetected_chromedriver + 430937
7   undetected_chromedriver             0x00000001042f66f5 undetected_chromedriver + 1070837
8   undetected_chromedriver             0x00000001042ce792 undetected_chromedriver + 907154
9   undetected_chromedriver             0x00000001042f5aca undetected_chromedriver + 1067722
10  undetected_chromedriver             0x00000001042ce563 undetected_chromedriver + 906595
11  undetected_chromedriver             0x000000010429a955 undetected_chromedriver + 694613
12  undetected_chromedriver             0x000000010429b5b1 undetected_chromedriver + 697777
13  undetected_chromedriver             0x000000010478bf00 undetected_chromedriver + 5877504
14  undetected_chromedriver             0x000000010478fdf1 undetected_chromedriver + 5893617
15  undetected_chromedriver             0x0000000104766344 undetected_chromedriver + 5722948
16  undetected_chromedriver             0x000000010479080b undetected_chromedriver + 5896203
17  undetected_chromedriver             0x0000000104754ac4 undetected_chromedriver + 5651140
18  undetected_chromedriver             0x00000001047b3918 undetected_chromedriver + 6039832
19  undetected_chromedriver             0x00000001047b3ae0 undetected_chromedriver + 6040288
20  undetected_chromedriver             0x00000001047c56d1 undetected_chromedriver + 6112977
21  libsystem_pthread.dylib             0x00007ff8010ac253 _pthread_start + 99
22  libsystem_pthread.dylib             0x00007ff8010a7bef thread_start + 15

2025-04-21 14:47:22,176 INFO     patching driver executable /Users/yusaku/Library/Application Support/undetected_chromedriver/undetected_chromedriver
2025-04-21 14:47:24,693 ERROR    workflow error: Cannot choose from an empty sequence
Traceback (most recent call last):
  File "/Users/yusaku/kakeru/マシュマロ.py", line 176, in flow
    q=post_question(d)
      ^^^^^^^^^^^^^^^^
  File "/Users/yusaku/kakeru/マシュマロ.py", line 94, in post_question
    q=random.choice(questions())
      ^^^^^^^^^^^^^^^^^^^^^^^^^^
  File "/Users/yusaku/.pyenv/versions/3.11.5/lib/python3.11/random.py", line 373, in choice
    raise IndexError('Cannot choose from an empty sequence')
IndexError: Cannot choose from an empty sequence
2025-04-21 14:48:08,706 INFO     patching driver executable /Users/yusaku/Library/Application Support/undetected_chromedriver/undetected_chromedriver
2025-04-21 14:48:10,766 ERROR    workflow error: Cannot choose from an empty sequence
Traceback (most recent call last):
  File "/Users/yusaku/kakeru/マシュマロ.py", line 178, in flow
    q=post_question(d)
      ^^^^^^^^^^^^^^^^
  File "/Users/yusaku/kakeru/マシュマロ.py", line 96, in post_question
    q=random.choice(questions())
      ^^^^^^^^^^^^^^^^^^^^^^^^^^
  File "/Users/yusaku/.pyenv/versions/3.11.5/lib/python3.11/random.py", line 373, in choice
    raise IndexError('Cannot choose from an empty sequence')
IndexError: Cannot choose from an empty sequence
2025-04-21 14:54:25,872 INFO     patching driver executable /Users/yusaku/Library/Application Support/undetected_chromedriver/undetected_chromedriver
2025-04-21 14:54:28,004 ERROR    workflow error: Cannot choose from an empty sequence
Traceback (most recent call last):
  File "/Users/yusaku/kakeru/マシュマロ.py", line 178, in flow
    q=post_question(d)
      ^^^^^^^^^^^^^^^^
  File "/Users/yusaku/kakeru/マシュマロ.py", line 96, in post_question
    q=random.choice(questions())
      ^^^^^^^^^^^^^^^^^^^^^^^^^^
  File "/Users/yusaku/.pyenv/versions/3.11.5/lib/python3.11/random.py", line 373, in choice
    raise IndexError('Cannot choose from an empty sequence')
IndexError: Cannot choose from an empty sequence
2025-04-21 15:04:10,162 INFO     patching driver executable /Users/yusaku/Library/Application Support/undetected_chromedriver/undetected_chromedriver
2025-04-21 15:04:14,161 ERROR    workflow error: Message: element click intercepted: Element is not clickable at point (960, 1329)
  (Session info: chrome=135.0.7049.96)
Stacktrace:
0   undetected_chromedriver             0x000000010521a448 undetected_chromedriver + 6149192
1   undetected_chromedriver             0x0000000105211b0a undetected_chromedriver + 6114058
2   undetected_chromedriver             0x0000000104ca2e80 undetected_chromedriver + 417408
3   undetected_chromedriver             0x0000000104cfb3e0 undetected_chromedriver + 779232
4   undetected_chromedriver             0x0000000104cf9241 undetected_chromedriver + 770625
5   undetected_chromedriver             0x0000000104cf68e2 undetected_chromedriver + 760034
6   undetected_chromedriver             0x0000000104cf5fe0 undetected_chromedriver + 757728
7   undetected_chromedriver             0x0000000104ce85ad undetected_chromedriver + 701869
8   undetected_chromedriver             0x0000000104d1a792 undetected_chromedriver + 907154
9   undetected_chromedriver             0x0000000104ce7f28 undetected_chromedriver + 700200
10  undetected_chromedriver             0x0000000104d1a94e undetected_chromedriver + 907598
11  undetected_chromedriver             0x0000000104d41aca undetected_chromedriver + 1067722
12  undetected_chromedriver             0x0000000104d1a563 undetected_chromedriver + 906595
13  undetected_chromedriver             0x0000000104ce6955 undetected_chromedriver + 694613
14  undetected_chromedriver             0x0000000104ce75b1 undetected_chromedriver + 697777
15  undetected_chromedriver             0x00000001051d7f00 undetected_chromedriver + 5877504
16  undetected_chromedriver             0x00000001051dbdf1 undetected_chromedriver + 5893617
17  undetected_chromedriver             0x00000001051b2344 undetected_chromedriver + 5722948
18  undetected_chromedriver             0x00000001051dc80b undetected_chromedriver + 5896203
19  undetected_chromedriver             0x00000001051a0ac4 undetected_chromedriver + 5651140
20  undetected_chromedriver             0x00000001051ff918 undetected_chromedriver + 6039832
21  undetected_chromedriver             0x00000001051ffae0 undetected_chromedriver + 6040288
22  undetected_chromedriver             0x00000001052116d1 undetected_chromedriver + 6112977
23  libsystem_pthread.dylib             0x00007ff8010ac253 _pthread_start + 99
24  libsystem_pthread.dylib             0x00007ff8010a7bef thread_start + 15
Traceback (most recent call last):
  File "/Users/yusaku/kakeru/マシュマロ.py", line 178, in flow
    q=post_question(d)
      ^^^^^^^^^^^^^^^^
  File "/Users/yusaku/kakeru/マシュマロ.py", line 99, in post_question
    drv.find_element(By.XPATH,"//button[contains(text(),'おくる')]").click(); L.info("1st おくる: %s",q)
    ^^^^^^^^^^^^^^^^^^^^^^^^^^^^^^^^^^^^^^^^^^^^^^^^^^^^^^^^^^^^^^^^^^^^^
  File "/Users/yusaku/.pyenv/versions/3.11.5/envs/myenv/lib/python3.11/site-packages/selenium/webdriver/remote/webelement.py", line 119, in click
    self._execute(Command.CLICK_ELEMENT)
  File "/Users/yusaku/.pyenv/versions/3.11.5/envs/myenv/lib/python3.11/site-packages/selenium/webdriver/remote/webelement.py", line 572, in _execute
    return self._parent.execute(command, params)
           ^^^^^^^^^^^^^^^^^^^^^^^^^^^^^^^^^^^^^
  File "/Users/yusaku/.pyenv/versions/3.11.5/envs/myenv/lib/python3.11/site-packages/selenium/webdriver/remote/webdriver.py", line 429, in execute
    self.error_handler.check_response(response)
  File "/Users/yusaku/.pyenv/versions/3.11.5/envs/myenv/lib/python3.11/site-packages/selenium/webdriver/remote/errorhandler.py", line 232, in check_response
    raise exception_class(message, screen, stacktrace)
selenium.common.exceptions.ElementClickInterceptedException: Message: element click intercepted: Element is not clickable at point (960, 1329)
  (Session info: chrome=135.0.7049.96)
Stacktrace:
0   undetected_chromedriver             0x000000010521a448 undetected_chromedriver + 6149192
1   undetected_chromedriver             0x0000000105211b0a undetected_chromedriver + 6114058
2   undetected_chromedriver             0x0000000104ca2e80 undetected_chromedriver + 417408
3   undetected_chromedriver             0x0000000104cfb3e0 undetected_chromedriver + 779232
4   undetected_chromedriver             0x0000000104cf9241 undetected_chromedriver + 770625
5   undetected_chromedriver             0x0000000104cf68e2 undetected_chromedriver + 760034
6   undetected_chromedriver             0x0000000104cf5fe0 undetected_chromedriver + 757728
7   undetected_chromedriver             0x0000000104ce85ad undetected_chromedriver + 701869
8   undetected_chromedriver             0x0000000104d1a792 undetected_chromedriver + 907154
9   undetected_chromedriver             0x0000000104ce7f28 undetected_chromedriver + 700200
10  undetected_chromedriver             0x0000000104d1a94e undetected_chromedriver + 907598
11  undetected_chromedriver             0x0000000104d41aca undetected_chromedriver + 1067722
12  undetected_chromedriver             0x0000000104d1a563 undetected_chromedriver + 906595
13  undetected_chromedriver             0x0000000104ce6955 undetected_chromedriver + 694613
14  undetected_chromedriver             0x0000000104ce75b1 undetected_chromedriver + 697777
15  undetected_chromedriver             0x00000001051d7f00 undetected_chromedriver + 5877504
16  undetected_chromedriver             0x00000001051dbdf1 undetected_chromedriver + 5893617
17  undetected_chromedriver             0x00000001051b2344 undetected_chromedriver + 5722948
18  undetected_chromedriver             0x00000001051dc80b undetected_chromedriver + 5896203
19  undetected_chromedriver             0x00000001051a0ac4 undetected_chromedriver + 5651140
20  undetected_chromedriver             0x00000001051ff918 undetected_chromedriver + 6039832
21  undetected_chromedriver             0x00000001051ffae0 undetected_chromedriver + 6040288
22  undetected_chromedriver             0x00000001052116d1 undetected_chromedriver + 6112977
23  libsystem_pthread.dylib             0x00007ff8010ac253 _pthread_start + 99
24  libsystem_pthread.dylib             0x00007ff8010a7bef thread_start + 15

2025-04-21 15:04:58,646 INFO     patching driver executable /Users/yusaku/Library/Application Support/undetected_chromedriver/undetected_chromedriver
2025-04-21 15:05:01,966 ERROR    workflow error: Message: element click intercepted: Element is not clickable at point (960, 1313)
  (Session info: chrome=135.0.7049.96)
Stacktrace:
0   undetected_chromedriver             0x00000001007d8448 undetected_chromedriver + 6149192
1   undetected_chromedriver             0x00000001007cfb0a undetected_chromedriver + 6114058
2   undetected_chromedriver             0x0000000100260e80 undetected_chromedriver + 417408
3   undetected_chromedriver             0x00000001002b93e0 undetected_chromedriver + 779232
4   undetected_chromedriver             0x00000001002b7241 undetected_chromedriver + 770625
5   undetected_chromedriver             0x00000001002b48e2 undetected_chromedriver + 760034
6   undetected_chromedriver             0x00000001002b3fe0 undetected_chromedriver + 757728
7   undetected_chromedriver             0x00000001002a65ad undetected_chromedriver + 701869
8   undetected_chromedriver             0x00000001002d8792 undetected_chromedriver + 907154
9   undetected_chromedriver             0x00000001002a5f28 undetected_chromedriver + 700200
10  undetected_chromedriver             0x00000001002d894e undetected_chromedriver + 907598
11  undetected_chromedriver             0x00000001002ffaca undetected_chromedriver + 1067722
12  undetected_chromedriver             0x00000001002d8563 undetected_chromedriver + 906595
13  undetected_chromedriver             0x00000001002a4955 undetected_chromedriver + 694613
14  undetected_chromedriver             0x00000001002a55b1 undetected_chromedriver + 697777
15  undetected_chromedriver             0x0000000100795f00 undetected_chromedriver + 5877504
16  undetected_chromedriver             0x0000000100799df1 undetected_chromedriver + 5893617
17  undetected_chromedriver             0x0000000100770344 undetected_chromedriver + 5722948
18  undetected_chromedriver             0x000000010079a80b undetected_chromedriver + 5896203
19  undetected_chromedriver             0x000000010075eac4 undetected_chromedriver + 5651140
20  undetected_chromedriver             0x00000001007bd918 undetected_chromedriver + 6039832
21  undetected_chromedriver             0x00000001007bdae0 undetected_chromedriver + 6040288
22  undetected_chromedriver             0x00000001007cf6d1 undetected_chromedriver + 6112977
23  libsystem_pthread.dylib             0x00007ff8010ac253 _pthread_start + 99
24  libsystem_pthread.dylib             0x00007ff8010a7bef thread_start + 15
Traceback (most recent call last):
  File "/Users/yusaku/kakeru/マシュマロ.py", line 181, in flow
    q=post_question(d)
      ^^^^^^^^^^^^^^^^
  File "/Users/yusaku/kakeru/マシュマロ.py", line 101, in post_question
    btn.click(); L.info("1st おくる: %s",q)
    ^^^^^^^^^^^
  File "/Users/yusaku/.pyenv/versions/3.11.5/envs/myenv/lib/python3.11/site-packages/selenium/webdriver/remote/webelement.py", line 119, in click
    self._execute(Command.CLICK_ELEMENT)
  File "/Users/yusaku/.pyenv/versions/3.11.5/envs/myenv/lib/python3.11/site-packages/selenium/webdriver/remote/webelement.py", line 572, in _execute
    return self._parent.execute(command, params)
           ^^^^^^^^^^^^^^^^^^^^^^^^^^^^^^^^^^^^^
  File "/Users/yusaku/.pyenv/versions/3.11.5/envs/myenv/lib/python3.11/site-packages/selenium/webdriver/remote/webdriver.py", line 429, in execute
    self.error_handler.check_response(response)
  File "/Users/yusaku/.pyenv/versions/3.11.5/envs/myenv/lib/python3.11/site-packages/selenium/webdriver/remote/errorhandler.py", line 232, in check_response
    raise exception_class(message, screen, stacktrace)
selenium.common.exceptions.ElementClickInterceptedException: Message: element click intercepted: Element is not clickable at point (960, 1313)
  (Session info: chrome=135.0.7049.96)
Stacktrace:
0   undetected_chromedriver             0x00000001007d8448 undetected_chromedriver + 6149192
1   undetected_chromedriver             0x00000001007cfb0a undetected_chromedriver + 6114058
2   undetected_chromedriver             0x0000000100260e80 undetected_chromedriver + 417408
3   undetected_chromedriver             0x00000001002b93e0 undetected_chromedriver + 779232
4   undetected_chromedriver             0x00000001002b7241 undetected_chromedriver + 770625
5   undetected_chromedriver             0x00000001002b48e2 undetected_chromedriver + 760034
6   undetected_chromedriver             0x00000001002b3fe0 undetected_chromedriver + 757728
7   undetected_chromedriver             0x00000001002a65ad undetected_chromedriver + 701869
8   undetected_chromedriver             0x00000001002d8792 undetected_chromedriver + 907154
9   undetected_chromedriver             0x00000001002a5f28 undetected_chromedriver + 700200
10  undetected_chromedriver             0x00000001002d894e undetected_chromedriver + 907598
11  undetected_chromedriver             0x00000001002ffaca undetected_chromedriver + 1067722
12  undetected_chromedriver             0x00000001002d8563 undetected_chromedriver + 906595
13  undetected_chromedriver             0x00000001002a4955 undetected_chromedriver + 694613
14  undetected_chromedriver             0x00000001002a55b1 undetected_chromedriver + 697777
15  undetected_chromedriver             0x0000000100795f00 undetected_chromedriver + 5877504
16  undetected_chromedriver             0x0000000100799df1 undetected_chromedriver + 5893617
17  undetected_chromedriver             0x0000000100770344 undetected_chromedriver + 5722948
18  undetected_chromedriver             0x000000010079a80b undetected_chromedriver + 5896203
19  undetected_chromedriver             0x000000010075eac4 undetected_chromedriver + 5651140
20  undetected_chromedriver             0x00000001007bd918 undetected_chromedriver + 6039832
21  undetected_chromedriver             0x00000001007bdae0 undetected_chromedriver + 6040288
22  undetected_chromedriver             0x00000001007cf6d1 undetected_chromedriver + 6112977
23  libsystem_pthread.dylib             0x00007ff8010ac253 _pthread_start + 99
24  libsystem_pthread.dylib             0x00007ff8010a7bef thread_start + 15

2025-04-21 15:05:23,280 INFO     patching driver executable /Users/yusaku/Library/Application Support/undetected_chromedriver/undetected_chromedriver
2025-04-21 15:05:27,187 INFO     1st おくる: リピート率を上げる即効策は？
2025-04-21 15:05:33,957 INFO     2段目ボタンなし
2025-04-21 15:05:57,871 ERROR    workflow error: Message: 
Stacktrace:
0   undetected_chromedriver             0x00000001006d1448 undetected_chromedriver + 6149192
1   undetected_chromedriver             0x00000001006c8b0a undetected_chromedriver + 6114058
2   undetected_chromedriver             0x0000000100159e80 undetected_chromedriver + 417408
3   undetected_chromedriver             0x00000001001ab587 undetected_chromedriver + 750983
4   undetected_chromedriver             0x00000001001ab7a1 undetected_chromedriver + 751521
5   undetected_chromedriver             0x00000001001fb784 undetected_chromedriver + 1079172
6   undetected_chromedriver             0x00000001001d17bd undetected_chromedriver + 907197
7   undetected_chromedriver             0x00000001001f8aca undetected_chromedriver + 1067722
8   undetected_chromedriver             0x00000001001d1563 undetected_chromedriver + 906595
9   undetected_chromedriver             0x000000010019d955 undetected_chromedriver + 694613
10  undetected_chromedriver             0x000000010019e5b1 undetected_chromedriver + 697777
11  undetected_chromedriver             0x000000010068ef00 undetected_chromedriver + 5877504
12  undetected_chromedriver             0x0000000100692df1 undetected_chromedriver + 5893617
13  undetected_chromedriver             0x0000000100669344 undetected_chromedriver + 5722948
14  undetected_chromedriver             0x000000010069380b undetected_chromedriver + 5896203
15  undetected_chromedriver             0x0000000100657ac4 undetected_chromedriver + 5651140
16  undetected_chromedriver             0x00000001006b6918 undetected_chromedriver + 6039832
17  undetected_chromedriver             0x00000001006b6ae0 undetected_chromedriver + 6040288
18  undetected_chromedriver             0x00000001006c86d1 undetected_chromedriver + 6112977
19  libsystem_pthread.dylib             0x00007ff8010ac253 _pthread_start + 99
20  libsystem_pthread.dylib             0x00007ff8010a7bef thread_start + 15
Traceback (most recent call last):
  File "/Users/yusaku/kakeru/マシュマロ.py", line 185, in flow
    img=latest_image(d)
        ^^^^^^^^^^^^^^^
  File "/Users/yusaku/kakeru/マシュマロ.py", line 121, in latest_image
    link=WebDriverWait(drv,20).until(EC.element_to_be_clickable((By.XPATH,
         ^^^^^^^^^^^^^^^^^^^^^^^^^^^^^^^^^^^^^^^^^^^^^^^^^^^^^^^^^^^^^^^^^
  File "/Users/yusaku/.pyenv/versions/3.11.5/envs/myenv/lib/python3.11/site-packages/selenium/webdriver/support/wait.py", line 146, in until
    raise TimeoutException(message, screen, stacktrace)
selenium.common.exceptions.TimeoutException: Message: 
Stacktrace:
0   undetected_chromedriver             0x00000001006d1448 undetected_chromedriver + 6149192
1   undetected_chromedriver             0x00000001006c8b0a undetected_chromedriver + 6114058
2   undetected_chromedriver             0x0000000100159e80 undetected_chromedriver + 417408
3   undetected_chromedriver             0x00000001001ab587 undetected_chromedriver + 750983
4   undetected_chromedriver             0x00000001001ab7a1 undetected_chromedriver + 751521
5   undetected_chromedriver             0x00000001001fb784 undetected_chromedriver + 1079172
6   undetected_chromedriver             0x00000001001d17bd undetected_chromedriver + 907197
7   undetected_chromedriver             0x00000001001f8aca undetected_chromedriver + 1067722
8   undetected_chromedriver             0x00000001001d1563 undetected_chromedriver + 906595
9   undetected_chromedriver             0x000000010019d955 undetected_chromedriver + 694613
10  undetected_chromedriver             0x000000010019e5b1 undetected_chromedriver + 697777
11  undetected_chromedriver             0x000000010068ef00 undetected_chromedriver + 5877504
12  undetected_chromedriver             0x0000000100692df1 undetected_chromedriver + 5893617
13  undetected_chromedriver             0x0000000100669344 undetected_chromedriver + 5722948
14  undetected_chromedriver             0x000000010069380b undetected_chromedriver + 5896203
15  undetected_chromedriver             0x0000000100657ac4 undetected_chromedriver + 5651140
16  undetected_chromedriver             0x00000001006b6918 undetected_chromedriver + 6039832
17  undetected_chromedriver             0x00000001006b6ae0 undetected_chromedriver + 6040288
18  undetected_chromedriver             0x00000001006c86d1 undetected_chromedriver + 6112977
19  libsystem_pthread.dylib             0x00007ff8010ac253 _pthread_start + 99
20  libsystem_pthread.dylib             0x00007ff8010a7bef thread_start + 15

2025-04-21 15:08:15,056 INFO     patching driver executable /Users/yusaku/Library/Application Support/undetected_chromedriver/undetected_chromedriver
2025-04-21 15:08:18,422 INFO     1st おくる: リピート率を上げる即効策は？
2025-04-21 15:08:24,583 INFO     2段目ボタンなし
2025-04-21 15:08:49,243 ERROR    workflow error: Message: 
Stacktrace:
0   undetected_chromedriver             0x0000000100655448 undetected_chromedriver + 6149192
1   undetected_chromedriver             0x000000010064cb0a undetected_chromedriver + 6114058
2   undetected_chromedriver             0x00000001000dde80 undetected_chromedriver + 417408
3   undetected_chromedriver             0x000000010012f587 undetected_chromedriver + 750983
4   undetected_chromedriver             0x000000010012f7a1 undetected_chromedriver + 751521
5   undetected_chromedriver             0x000000010017f784 undetected_chromedriver + 1079172
6   undetected_chromedriver             0x00000001001557bd undetected_chromedriver + 907197
7   undetected_chromedriver             0x000000010017caca undetected_chromedriver + 1067722
8   undetected_chromedriver             0x0000000100155563 undetected_chromedriver + 906595
9   undetected_chromedriver             0x0000000100121955 undetected_chromedriver + 694613
10  undetected_chromedriver             0x00000001001225b1 undetected_chromedriver + 697777
11  undetected_chromedriver             0x0000000100612f00 undetected_chromedriver + 5877504
12  undetected_chromedriver             0x0000000100616df1 undetected_chromedriver + 5893617
13  undetected_chromedriver             0x00000001005ed344 undetected_chromedriver + 5722948
14  undetected_chromedriver             0x000000010061780b undetected_chromedriver + 5896203
15  undetected_chromedriver             0x00000001005dbac4 undetected_chromedriver + 5651140
16  undetected_chromedriver             0x000000010063a918 undetected_chromedriver + 6039832
17  undetected_chromedriver             0x000000010063aae0 undetected_chromedriver + 6040288
18  undetected_chromedriver             0x000000010064c6d1 undetected_chromedriver + 6112977
19  libsystem_pthread.dylib             0x00007ff8010ac253 _pthread_start + 99
20  libsystem_pthread.dylib             0x00007ff8010a7bef thread_start + 15
Traceback (most recent call last):
  File "/Users/yusaku/kakeru/マシュマロ.py", line 185, in flow
    img=latest_image(d)
        ^^^^^^^^^^^^^^^
  File "/Users/yusaku/kakeru/マシュマロ.py", line 121, in latest_image
    link=WebDriverWait(drv,20).until(EC.element_to_be_clickable((By.XPATH,
         ^^^^^^^^^^^^^^^^^^^^^^^^^^^^^^^^^^^^^^^^^^^^^^^^^^^^^^^^^^^^^^^^^
  File "/Users/yusaku/.pyenv/versions/3.11.5/envs/myenv/lib/python3.11/site-packages/selenium/webdriver/support/wait.py", line 146, in until
    raise TimeoutException(message, screen, stacktrace)
selenium.common.exceptions.TimeoutException: Message: 
Stacktrace:
0   undetected_chromedriver             0x0000000100655448 undetected_chromedriver + 6149192
1   undetected_chromedriver             0x000000010064cb0a undetected_chromedriver + 6114058
2   undetected_chromedriver             0x00000001000dde80 undetected_chromedriver + 417408
3   undetected_chromedriver             0x000000010012f587 undetected_chromedriver + 750983
4   undetected_chromedriver             0x000000010012f7a1 undetected_chromedriver + 751521
5   undetected_chromedriver             0x000000010017f784 undetected_chromedriver + 1079172
6   undetected_chromedriver             0x00000001001557bd undetected_chromedriver + 907197
7   undetected_chromedriver             0x000000010017caca undetected_chromedriver + 1067722
8   undetected_chromedriver             0x0000000100155563 undetected_chromedriver + 906595
9   undetected_chromedriver             0x0000000100121955 undetected_chromedriver + 694613
10  undetected_chromedriver             0x00000001001225b1 undetected_chromedriver + 697777
11  undetected_chromedriver             0x0000000100612f00 undetected_chromedriver + 5877504
12  undetected_chromedriver             0x0000000100616df1 undetected_chromedriver + 5893617
13  undetected_chromedriver             0x00000001005ed344 undetected_chromedriver + 5722948
14  undetected_chromedriver             0x000000010061780b undetected_chromedriver + 5896203
15  undetected_chromedriver             0x00000001005dbac4 undetected_chromedriver + 5651140
16  undetected_chromedriver             0x000000010063a918 undetected_chromedriver + 6039832
17  undetected_chromedriver             0x000000010063aae0 undetected_chromedriver + 6040288
18  undetected_chromedriver             0x000000010064c6d1 undetected_chromedriver + 6112977
19  libsystem_pthread.dylib             0x00007ff8010ac253 _pthread_start + 99
20  libsystem_pthread.dylib             0x00007ff8010a7bef thread_start + 15

2025-04-21 15:09:38,110 INFO     patching driver executable /Users/yusaku/Library/Application Support/undetected_chromedriver/undetected_chromedriver
2025-04-21 15:09:41,743 INFO     1st おくる: リピート率を上げる即効策は？
2025-04-21 15:09:47,909 INFO     2段目ボタンなし
2025-04-21 15:10:10,985 ERROR    workflow error: Message: 
Stacktrace:
0   undetected_chromedriver             0x0000000101589448 undetected_chromedriver + 6149192
1   undetected_chromedriver             0x0000000101580b0a undetected_chromedriver + 6114058
2   undetected_chromedriver             0x0000000101011e80 undetected_chromedriver + 417408
3   undetected_chromedriver             0x0000000101063587 undetected_chromedriver + 750983
4   undetected_chromedriver             0x00000001010637a1 undetected_chromedriver + 751521
5   undetected_chromedriver             0x00000001010b3784 undetected_chromedriver + 1079172
6   undetected_chromedriver             0x00000001010897bd undetected_chromedriver + 907197
7   undetected_chromedriver             0x00000001010b0aca undetected_chromedriver + 1067722
8   undetected_chromedriver             0x0000000101089563 undetected_chromedriver + 906595
9   undetected_chromedriver             0x0000000101055955 undetected_chromedriver + 694613
10  undetected_chromedriver             0x00000001010565b1 undetected_chromedriver + 697777
11  undetected_chromedriver             0x0000000101546f00 undetected_chromedriver + 5877504
12  undetected_chromedriver             0x000000010154adf1 undetected_chromedriver + 5893617
13  undetected_chromedriver             0x0000000101521344 undetected_chromedriver + 5722948
14  undetected_chromedriver             0x000000010154b80b undetected_chromedriver + 5896203
15  undetected_chromedriver             0x000000010150fac4 undetected_chromedriver + 5651140
16  undetected_chromedriver             0x000000010156e918 undetected_chromedriver + 6039832
17  undetected_chromedriver             0x000000010156eae0 undetected_chromedriver + 6040288
18  undetected_chromedriver             0x00000001015806d1 undetected_chromedriver + 6112977
19  libsystem_pthread.dylib             0x00007ff8010ac253 _pthread_start + 99
20  libsystem_pthread.dylib             0x00007ff8010a7bef thread_start + 15
Traceback (most recent call last):
  File "/Users/yusaku/kakeru/マシュマロ.py", line 188, in flow
    img=latest_image(d)
        ^^^^^^^^^^^^^^^
  File "/Users/yusaku/kakeru/マシュマロ.py", line 124, in latest_image
    link=WebDriverWait(drv,20).until(EC.element_to_be_clickable((By.XPATH,
         ^^^^^^^^^^^^^^^^^^^^^^^^^^^^^^^^^^^^^^^^^^^^^^^^^^^^^^^^^^^^^^^^^
  File "/Users/yusaku/.pyenv/versions/3.11.5/envs/myenv/lib/python3.11/site-packages/selenium/webdriver/support/wait.py", line 146, in until
    raise TimeoutException(message, screen, stacktrace)
selenium.common.exceptions.TimeoutException: Message: 
Stacktrace:
0   undetected_chromedriver             0x0000000101589448 undetected_chromedriver + 6149192
1   undetected_chromedriver             0x0000000101580b0a undetected_chromedriver + 6114058
2   undetected_chromedriver             0x0000000101011e80 undetected_chromedriver + 417408
3   undetected_chromedriver             0x0000000101063587 undetected_chromedriver + 750983
4   undetected_chromedriver             0x00000001010637a1 undetected_chromedriver + 751521
5   undetected_chromedriver             0x00000001010b3784 undetected_chromedriver + 1079172
6   undetected_chromedriver             0x00000001010897bd undetected_chromedriver + 907197
7   undetected_chromedriver             0x00000001010b0aca undetected_chromedriver + 1067722
8   undetected_chromedriver             0x0000000101089563 undetected_chromedriver + 906595
9   undetected_chromedriver             0x0000000101055955 undetected_chromedriver + 694613
10  undetected_chromedriver             0x00000001010565b1 undetected_chromedriver + 697777
11  undetected_chromedriver             0x0000000101546f00 undetected_chromedriver + 5877504
12  undetected_chromedriver             0x000000010154adf1 undetected_chromedriver + 5893617
13  undetected_chromedriver             0x0000000101521344 undetected_chromedriver + 5722948
14  undetected_chromedriver             0x000000010154b80b undetected_chromedriver + 5896203
15  undetected_chromedriver             0x000000010150fac4 undetected_chromedriver + 5651140
16  undetected_chromedriver             0x000000010156e918 undetected_chromedriver + 6039832
17  undetected_chromedriver             0x000000010156eae0 undetected_chromedriver + 6040288
18  undetected_chromedriver             0x00000001015806d1 undetected_chromedriver + 6112977
19  libsystem_pthread.dylib             0x00007ff8010ac253 _pthread_start + 99
20  libsystem_pthread.dylib             0x00007ff8010a7bef thread_start + 15

2025-04-21 15:11:22,209 INFO     patching driver executable /Users/yusaku/Library/Application Support/undetected_chromedriver/undetected_chromedriver
2025-04-21 15:11:25,713 INFO     1st おくる: ルームの匂い対策で最低限やるべきことは？
2025-04-21 15:11:26,020 WARNING  投稿後に明確な成功・失敗メッセージなし
2025-04-21 15:11:32,198 INFO     2段目ボタンなし
2025-04-21 15:11:55,730 ERROR    workflow error: Message: 
Stacktrace:
0   undetected_chromedriver             0x0000000100973448 undetected_chromedriver + 6149192
1   undetected_chromedriver             0x000000010096ab0a undetected_chromedriver + 6114058
2   undetected_chromedriver             0x00000001003fbe80 undetected_chromedriver + 417408
3   undetected_chromedriver             0x000000010044d587 undetected_chromedriver + 750983
4   undetected_chromedriver             0x000000010044d7a1 undetected_chromedriver + 751521
5   undetected_chromedriver             0x000000010049d784 undetected_chromedriver + 1079172
6   undetected_chromedriver             0x00000001004737bd undetected_chromedriver + 907197
7   undetected_chromedriver             0x000000010049aaca undetected_chromedriver + 1067722
8   undetected_chromedriver             0x0000000100473563 undetected_chromedriver + 906595
9   undetected_chromedriver             0x000000010043f955 undetected_chromedriver + 694613
10  undetected_chromedriver             0x00000001004405b1 undetected_chromedriver + 697777
11  undetected_chromedriver             0x0000000100930f00 undetected_chromedriver + 5877504
12  undetected_chromedriver             0x0000000100934df1 undetected_chromedriver + 5893617
13  undetected_chromedriver             0x000000010090b344 undetected_chromedriver + 5722948
14  undetected_chromedriver             0x000000010093580b undetected_chromedriver + 5896203
15  undetected_chromedriver             0x00000001008f9ac4 undetected_chromedriver + 5651140
16  undetected_chromedriver             0x0000000100958918 undetected_chromedriver + 6039832
17  undetected_chromedriver             0x0000000100958ae0 undetected_chromedriver + 6040288
18  undetected_chromedriver             0x000000010096a6d1 undetected_chromedriver + 6112977
19  libsystem_pthread.dylib             0x00007ff8010ac253 _pthread_start + 99
20  libsystem_pthread.dylib             0x00007ff8010a7bef thread_start + 15
Traceback (most recent call last):
  File "/Users/yusaku/kakeru/マシュマロ.py", line 198, in flow
    img=latest_image(d)
        ^^^^^^^^^^^^^^^
  File "/Users/yusaku/kakeru/マシュマロ.py", line 134, in latest_image
    link=WebDriverWait(drv,20).until(EC.element_to_be_clickable((By.XPATH,
         ^^^^^^^^^^^^^^^^^^^^^^^^^^^^^^^^^^^^^^^^^^^^^^^^^^^^^^^^^^^^^^^^^
  File "/Users/yusaku/.pyenv/versions/3.11.5/envs/myenv/lib/python3.11/site-packages/selenium/webdriver/support/wait.py", line 146, in until
    raise TimeoutException(message, screen, stacktrace)
selenium.common.exceptions.TimeoutException: Message: 
Stacktrace:
0   undetected_chromedriver             0x0000000100973448 undetected_chromedriver + 6149192
1   undetected_chromedriver             0x000000010096ab0a undetected_chromedriver + 6114058
2   undetected_chromedriver             0x00000001003fbe80 undetected_chromedriver + 417408
3   undetected_chromedriver             0x000000010044d587 undetected_chromedriver + 750983
4   undetected_chromedriver             0x000000010044d7a1 undetected_chromedriver + 751521
5   undetected_chromedriver             0x000000010049d784 undetected_chromedriver + 1079172
6   undetected_chromedriver             0x00000001004737bd undetected_chromedriver + 907197
7   undetected_chromedriver             0x000000010049aaca undetected_chromedriver + 1067722
8   undetected_chromedriver             0x0000000100473563 undetected_chromedriver + 906595
9   undetected_chromedriver             0x000000010043f955 undetected_chromedriver + 694613
10  undetected_chromedriver             0x00000001004405b1 undetected_chromedriver + 697777
11  undetected_chromedriver             0x0000000100930f00 undetected_chromedriver + 5877504
12  undetected_chromedriver             0x0000000100934df1 undetected_chromedriver + 5893617
13  undetected_chromedriver             0x000000010090b344 undetected_chromedriver + 5722948
14  undetected_chromedriver             0x000000010093580b undetected_chromedriver + 5896203
15  undetected_chromedriver             0x00000001008f9ac4 undetected_chromedriver + 5651140
16  undetected_chromedriver             0x0000000100958918 undetected_chromedriver + 6039832
17  undetected_chromedriver             0x0000000100958ae0 undetected_chromedriver + 6040288
18  undetected_chromedriver             0x000000010096a6d1 undetected_chromedriver + 6112977
19  libsystem_pthread.dylib             0x00007ff8010ac253 _pthread_start + 99
20  libsystem_pthread.dylib             0x00007ff8010a7bef thread_start + 15

2025-04-21 15:12:32,155 INFO     patching driver executable /Users/yusaku/Library/Application Support/undetected_chromedriver/undetected_chromedriver
2025-04-21 15:12:35,409 INFO     1st おくる: パネル写真の服装は何が効果的？
2025-04-21 15:12:40,597 WARNING  投稿後に明確な成功・失敗メッセージなし
2025-04-21 15:12:46,791 INFO     2段目ボタンなし
2025-04-21 15:13:40,880 INFO     patching driver executable /Users/yusaku/Library/Application Support/undetected_chromedriver/undetected_chromedriver
2025-04-21 15:13:45,430 INFO     1st おくる: 接客態度が悪いと言われたらどう改善すれば良い？
2025-04-21 15:13:50,683 WARNING  投稿後に明確な成功・失敗メッセージなし
2025-04-21 15:13:57,849 INFO     2段目ボタンなし
2025-04-21 15:14:21,075 ERROR    workflow error: Message: 
Stacktrace:
0   undetected_chromedriver             0x0000000102dd9448 undetected_chromedriver + 6149192
1   undetected_chromedriver             0x0000000102dd0b0a undetected_chromedriver + 6114058
2   undetected_chromedriver             0x0000000102861e80 undetected_chromedriver + 417408
3   undetected_chromedriver             0x00000001028b3587 undetected_chromedriver + 750983
4   undetected_chromedriver             0x00000001028b37a1 undetected_chromedriver + 751521
5   undetected_chromedriver             0x0000000102903784 undetected_chromedriver + 1079172
6   undetected_chromedriver             0x00000001028d97bd undetected_chromedriver + 907197
7   undetected_chromedriver             0x0000000102900aca undetected_chromedriver + 1067722
8   undetected_chromedriver             0x00000001028d9563 undetected_chromedriver + 906595
9   undetected_chromedriver             0x00000001028a5955 undetected_chromedriver + 694613
10  undetected_chromedriver             0x00000001028a65b1 undetected_chromedriver + 697777
11  undetected_chromedriver             0x0000000102d96f00 undetected_chromedriver + 5877504
12  undetected_chromedriver             0x0000000102d9adf1 undetected_chromedriver + 5893617
13  undetected_chromedriver             0x0000000102d71344 undetected_chromedriver + 5722948
14  undetected_chromedriver             0x0000000102d9b80b undetected_chromedriver + 5896203
15  undetected_chromedriver             0x0000000102d5fac4 undetected_chromedriver + 5651140
16  undetected_chromedriver             0x0000000102dbe918 undetected_chromedriver + 6039832
17  undetected_chromedriver             0x0000000102dbeae0 undetected_chromedriver + 6040288
18  undetected_chromedriver             0x0000000102dd06d1 undetected_chromedriver + 6112977
19  libsystem_pthread.dylib             0x00007ff8010ac253 _pthread_start + 99
20  libsystem_pthread.dylib             0x00007ff8010a7bef thread_start + 15
Traceback (most recent call last):
  File "/Users/yusaku/kakeru/マシュマロ.py", line 213, in flow
    img=latest_image(d)
        ^^^^^^^^^^^^^^^
  File "/Users/yusaku/kakeru/マシュマロ.py", line 149, in latest_image
    link=WebDriverWait(drv,20).until(EC.element_to_be_clickable((By.XPATH,
         ^^^^^^^^^^^^^^^^^^^^^^^^^^^^^^^^^^^^^^^^^^^^^^^^^^^^^^^^^^^^^^^^^
  File "/Users/yusaku/.pyenv/versions/3.11.5/envs/myenv/lib/python3.11/site-packages/selenium/webdriver/support/wait.py", line 146, in until
    raise TimeoutException(message, screen, stacktrace)
selenium.common.exceptions.TimeoutException: Message: 
Stacktrace:
0   undetected_chromedriver             0x0000000102dd9448 undetected_chromedriver + 6149192
1   undetected_chromedriver             0x0000000102dd0b0a undetected_chromedriver + 6114058
2   undetected_chromedriver             0x0000000102861e80 undetected_chromedriver + 417408
3   undetected_chromedriver             0x00000001028b3587 undetected_chromedriver + 750983
4   undetected_chromedriver             0x00000001028b37a1 undetected_chromedriver + 751521
5   undetected_chromedriver             0x0000000102903784 undetected_chromedriver + 1079172
6   undetected_chromedriver             0x00000001028d97bd undetected_chromedriver + 907197
7   undetected_chromedriver             0x0000000102900aca undetected_chromedriver + 1067722
8   undetected_chromedriver             0x00000001028d9563 undetected_chromedriver + 906595
9   undetected_chromedriver             0x00000001028a5955 undetected_chromedriver + 694613
10  undetected_chromedriver             0x00000001028a65b1 undetected_chromedriver + 697777
11  undetected_chromedriver             0x0000000102d96f00 undetected_chromedriver + 5877504
12  undetected_chromedriver             0x0000000102d9adf1 undetected_chromedriver + 5893617
13  undetected_chromedriver             0x0000000102d71344 undetected_chromedriver + 5722948
14  undetected_chromedriver             0x0000000102d9b80b undetected_chromedriver + 5896203
15  undetected_chromedriver             0x0000000102d5fac4 undetected_chromedriver + 5651140
16  undetected_chromedriver             0x0000000102dbe918 undetected_chromedriver + 6039832
17  undetected_chromedriver             0x0000000102dbeae0 undetected_chromedriver + 6040288
18  undetected_chromedriver             0x0000000102dd06d1 undetected_chromedriver + 6112977
19  libsystem_pthread.dylib             0x00007ff8010ac253 _pthread_start + 99
20  libsystem_pthread.dylib             0x00007ff8010a7bef thread_start + 15

2025-04-21 15:16:42,822 INFO     patching driver executable /Users/yusaku/Library/Application Support/undetected_chromedriver/undetected_chromedriver
2025-04-21 15:16:48,990 INFO     1st おくる: 施術事故に備えた保険は必要？
2025-04-21 15:16:56,200 WARNING  投稿後に明確な成功・失敗メッセージなし
2025-04-21 15:17:04,402 INFO     2段目ボタンなし
2025-04-21 15:17:28,907 ERROR    workflow error: Message: 
Stacktrace:
0   undetected_chromedriver             0x0000000104ff1448 undetected_chromedriver + 6149192
1   undetected_chromedriver             0x0000000104fe8b0a undetected_chromedriver + 6114058
2   undetected_chromedriver             0x0000000104a79e80 undetected_chromedriver + 417408
3   undetected_chromedriver             0x0000000104acb587 undetected_chromedriver + 750983
4   undetected_chromedriver             0x0000000104acb7a1 undetected_chromedriver + 751521
5   undetected_chromedriver             0x0000000104b1b784 undetected_chromedriver + 1079172
6   undetected_chromedriver             0x0000000104af17bd undetected_chromedriver + 907197
7   undetected_chromedriver             0x0000000104b18aca undetected_chromedriver + 1067722
8   undetected_chromedriver             0x0000000104af1563 undetected_chromedriver + 906595
9   undetected_chromedriver             0x0000000104abd955 undetected_chromedriver + 694613
10  undetected_chromedriver             0x0000000104abe5b1 undetected_chromedriver + 697777
11  undetected_chromedriver             0x0000000104faef00 undetected_chromedriver + 5877504
12  undetected_chromedriver             0x0000000104fb2df1 undetected_chromedriver + 5893617
13  undetected_chromedriver             0x0000000104f89344 undetected_chromedriver + 5722948
14  undetected_chromedriver             0x0000000104fb380b undetected_chromedriver + 5896203
15  undetected_chromedriver             0x0000000104f77ac4 undetected_chromedriver + 5651140
16  undetected_chromedriver             0x0000000104fd6918 undetected_chromedriver + 6039832
17  undetected_chromedriver             0x0000000104fd6ae0 undetected_chromedriver + 6040288
18  undetected_chromedriver             0x0000000104fe86d1 undetected_chromedriver + 6112977
19  libsystem_pthread.dylib             0x00007ff8010ac253 _pthread_start + 99
20  libsystem_pthread.dylib             0x00007ff8010a7bef thread_start + 15
Traceback (most recent call last):
  File "/Users/yusaku/kakeru/マシュマロ.py", line 217, in flow
    img=latest_image(d)
        ^^^^^^^^^^^^^^^
  File "/Users/yusaku/kakeru/マシュマロ.py", line 153, in latest_image
    link=WebDriverWait(drv,20).until(EC.element_to_be_clickable((By.XPATH,
         ^^^^^^^^^^^^^^^^^^^^^^^^^^^^^^^^^^^^^^^^^^^^^^^^^^^^^^^^^^^^^^^^^
  File "/Users/yusaku/.pyenv/versions/3.11.5/envs/myenv/lib/python3.11/site-packages/selenium/webdriver/support/wait.py", line 146, in until
    raise TimeoutException(message, screen, stacktrace)
selenium.common.exceptions.TimeoutException: Message: 
Stacktrace:
0   undetected_chromedriver             0x0000000104ff1448 undetected_chromedriver + 6149192
1   undetected_chromedriver             0x0000000104fe8b0a undetected_chromedriver + 6114058
2   undetected_chromedriver             0x0000000104a79e80 undetected_chromedriver + 417408
3   undetected_chromedriver             0x0000000104acb587 undetected_chromedriver + 750983
4   undetected_chromedriver             0x0000000104acb7a1 undetected_chromedriver + 751521
5   undetected_chromedriver             0x0000000104b1b784 undetected_chromedriver + 1079172
6   undetected_chromedriver             0x0000000104af17bd undetected_chromedriver + 907197
7   undetected_chromedriver             0x0000000104b18aca undetected_chromedriver + 1067722
8   undetected_chromedriver             0x0000000104af1563 undetected_chromedriver + 906595
9   undetected_chromedriver             0x0000000104abd955 undetected_chromedriver + 694613
10  undetected_chromedriver             0x0000000104abe5b1 undetected_chromedriver + 697777
11  undetected_chromedriver             0x0000000104faef00 undetected_chromedriver + 5877504
12  undetected_chromedriver             0x0000000104fb2df1 undetected_chromedriver + 5893617
13  undetected_chromedriver             0x0000000104f89344 undetected_chromedriver + 5722948
14  undetected_chromedriver             0x0000000104fb380b undetected_chromedriver + 5896203
15  undetected_chromedriver             0x0000000104f77ac4 undetected_chromedriver + 5651140
16  undetected_chromedriver             0x0000000104fd6918 undetected_chromedriver + 6039832
17  undetected_chromedriver             0x0000000104fd6ae0 undetected_chromedriver + 6040288
18  undetected_chromedriver             0x0000000104fe86d1 undetected_chromedriver + 6112977
19  libsystem_pthread.dylib             0x00007ff8010ac253 _pthread_start + 99
20  libsystem_pthread.dylib             0x00007ff8010a7bef thread_start + 15

2025-04-21 15:24:57,230 INFO     patching driver executable /Users/yusaku/Library/Application Support/undetected_chromedriver/undetected_chromedriver
2025-04-21 15:25:01,941 INFO     1st おくる: エレベーター停止時の入室トラブルを防ぐ？
2025-04-21 15:25:07,128 WARNING  投稿後に明確な成功・失敗メッセージなし
2025-04-21 15:25:14,308 INFO     2段目ボタンなし
2025-04-21 15:25:38,678 ERROR    workflow error: Message: 
Stacktrace:
0   undetected_chromedriver             0x000000010344d448 undetected_chromedriver + 6149192
1   undetected_chromedriver             0x0000000103444b0a undetected_chromedriver + 6114058
2   undetected_chromedriver             0x0000000102ed5e80 undetected_chromedriver + 417408
3   undetected_chromedriver             0x0000000102f27587 undetected_chromedriver + 750983
4   undetected_chromedriver             0x0000000102f277a1 undetected_chromedriver + 751521
5   undetected_chromedriver             0x0000000102f77784 undetected_chromedriver + 1079172
6   undetected_chromedriver             0x0000000102f4d7bd undetected_chromedriver + 907197
7   undetected_chromedriver             0x0000000102f74aca undetected_chromedriver + 1067722
8   undetected_chromedriver             0x0000000102f4d563 undetected_chromedriver + 906595
9   undetected_chromedriver             0x0000000102f19955 undetected_chromedriver + 694613
10  undetected_chromedriver             0x0000000102f1a5b1 undetected_chromedriver + 697777
11  undetected_chromedriver             0x000000010340af00 undetected_chromedriver + 5877504
12  undetected_chromedriver             0x000000010340edf1 undetected_chromedriver + 5893617
13  undetected_chromedriver             0x00000001033e5344 undetected_chromedriver + 5722948
14  undetected_chromedriver             0x000000010340f80b undetected_chromedriver + 5896203
15  undetected_chromedriver             0x00000001033d3ac4 undetected_chromedriver + 5651140
16  undetected_chromedriver             0x0000000103432918 undetected_chromedriver + 6039832
17  undetected_chromedriver             0x0000000103432ae0 undetected_chromedriver + 6040288
18  undetected_chromedriver             0x00000001034446d1 undetected_chromedriver + 6112977
19  libsystem_pthread.dylib             0x00007ff8010ac253 _pthread_start + 99
20  libsystem_pthread.dylib             0x00007ff8010a7bef thread_start + 15
Traceback (most recent call last):
  File "/Users/yusaku/kakeru/マシュマロ.py", line 213, in flow
    img=latest_image(d)
        ^^^^^^^^^^^^^^^
  File "/Users/yusaku/kakeru/マシュマロ.py", line 149, in latest_image
    link=WebDriverWait(drv,20).until(EC.element_to_be_clickable((By.XPATH,
         ^^^^^^^^^^^^^^^^^^^^^^^^^^^^^^^^^^^^^^^^^^^^^^^^^^^^^^^^^^^^^^^^^
  File "/Users/yusaku/.pyenv/versions/3.11.5/envs/myenv/lib/python3.11/site-packages/selenium/webdriver/support/wait.py", line 146, in until
    raise TimeoutException(message, screen, stacktrace)
selenium.common.exceptions.TimeoutException: Message: 
Stacktrace:
0   undetected_chromedriver             0x000000010344d448 undetected_chromedriver + 6149192
1   undetected_chromedriver             0x0000000103444b0a undetected_chromedriver + 6114058
2   undetected_chromedriver             0x0000000102ed5e80 undetected_chromedriver + 417408
3   undetected_chromedriver             0x0000000102f27587 undetected_chromedriver + 750983
4   undetected_chromedriver             0x0000000102f277a1 undetected_chromedriver + 751521
5   undetected_chromedriver             0x0000000102f77784 undetected_chromedriver + 1079172
6   undetected_chromedriver             0x0000000102f4d7bd undetected_chromedriver + 907197
7   undetected_chromedriver             0x0000000102f74aca undetected_chromedriver + 1067722
8   undetected_chromedriver             0x0000000102f4d563 undetected_chromedriver + 906595
9   undetected_chromedriver             0x0000000102f19955 undetected_chromedriver + 694613
10  undetected_chromedriver             0x0000000102f1a5b1 undetected_chromedriver + 697777
11  undetected_chromedriver             0x000000010340af00 undetected_chromedriver + 5877504
12  undetected_chromedriver             0x000000010340edf1 undetected_chromedriver + 5893617
13  undetected_chromedriver             0x00000001033e5344 undetected_chromedriver + 5722948
14  undetected_chromedriver             0x000000010340f80b undetected_chromedriver + 5896203
15  undetected_chromedriver             0x00000001033d3ac4 undetected_chromedriver + 5651140
16  undetected_chromedriver             0x0000000103432918 undetected_chromedriver + 6039832
17  undetected_chromedriver             0x0000000103432ae0 undetected_chromedriver + 6040288
18  undetected_chromedriver             0x00000001034446d1 undetected_chromedriver + 6112977
19  libsystem_pthread.dylib             0x00007ff8010ac253 _pthread_start + 99
20  libsystem_pthread.dylib             0x00007ff8010a7bef thread_start + 15

2025-04-21 15:39:52,044 INFO     patching driver executable /Users/yusaku/Library/Application Support/undetected_chromedriver/undetected_chromedriver
2025-04-21 15:39:54,272 INFO     1st おくる: エレベーター停止時の入室トラブルを防ぐ？
2025-04-21 15:39:54,453 INFO     2nd おくるクリック成功
2025-04-21 15:40:18,766 ERROR    workflow error: Message: 
Stacktrace:
0   undetected_chromedriver             0x0000000102d5c448 undetected_chromedriver + 6149192
1   undetected_chromedriver             0x0000000102d53b0a undetected_chromedriver + 6114058
2   undetected_chromedriver             0x00000001027e4e80 undetected_chromedriver + 417408
3   undetected_chromedriver             0x0000000102836587 undetected_chromedriver + 750983
4   undetected_chromedriver             0x00000001028367a1 undetected_chromedriver + 751521
5   undetected_chromedriver             0x0000000102886784 undetected_chromedriver + 1079172
6   undetected_chromedriver             0x000000010285c7bd undetected_chromedriver + 907197
7   undetected_chromedriver             0x0000000102883aca undetected_chromedriver + 1067722
8   undetected_chromedriver             0x000000010285c563 undetected_chromedriver + 906595
9   undetected_chromedriver             0x0000000102828955 undetected_chromedriver + 694613
10  undetected_chromedriver             0x00000001028295b1 undetected_chromedriver + 697777
11  undetected_chromedriver             0x0000000102d19f00 undetected_chromedriver + 5877504
12  undetected_chromedriver             0x0000000102d1ddf1 undetected_chromedriver + 5893617
13  undetected_chromedriver             0x0000000102cf4344 undetected_chromedriver + 5722948
14  undetected_chromedriver             0x0000000102d1e80b undetected_chromedriver + 5896203
15  undetected_chromedriver             0x0000000102ce2ac4 undetected_chromedriver + 5651140
16  undetected_chromedriver             0x0000000102d41918 undetected_chromedriver + 6039832
17  undetected_chromedriver             0x0000000102d41ae0 undetected_chromedriver + 6040288
18  undetected_chromedriver             0x0000000102d536d1 undetected_chromedriver + 6112977
19  libsystem_pthread.dylib             0x00007ff8010ac253 _pthread_start + 99
20  libsystem_pthread.dylib             0x00007ff8010a7bef thread_start + 15
Traceback (most recent call last):
  File "/Users/yusaku/kakeru/マシュマロ.py", line 211, in flow
    img=latest_image(d)
        ^^^^^^^^^^^^^^^
  File "/Users/yusaku/kakeru/マシュマロ.py", line 154, in latest_image
    link=WebDriverWait(drv,20).until(EC.element_to_be_clickable((By.XPATH,
         ^^^^^^^^^^^^^^^^^^^^^^^^^^^^^^^^^^^^^^^^^^^^^^^^^^^^^^^^^^^^^^^^^
  File "/Users/yusaku/.pyenv/versions/3.11.5/envs/myenv/lib/python3.11/site-packages/selenium/webdriver/support/wait.py", line 146, in until
    raise TimeoutException(message, screen, stacktrace)
selenium.common.exceptions.TimeoutException: Message: 
Stacktrace:
0   undetected_chromedriver             0x0000000102d5c448 undetected_chromedriver + 6149192
1   undetected_chromedriver             0x0000000102d53b0a undetected_chromedriver + 6114058
2   undetected_chromedriver             0x00000001027e4e80 undetected_chromedriver + 417408
3   undetected_chromedriver             0x0000000102836587 undetected_chromedriver + 750983
4   undetected_chromedriver             0x00000001028367a1 undetected_chromedriver + 751521
5   undetected_chromedriver             0x0000000102886784 undetected_chromedriver + 1079172
6   undetected_chromedriver             0x000000010285c7bd undetected_chromedriver + 907197
7   undetected_chromedriver             0x0000000102883aca undetected_chromedriver + 1067722
8   undetected_chromedriver             0x000000010285c563 undetected_chromedriver + 906595
9   undetected_chromedriver             0x0000000102828955 undetected_chromedriver + 694613
10  undetected_chromedriver             0x00000001028295b1 undetected_chromedriver + 697777
11  undetected_chromedriver             0x0000000102d19f00 undetected_chromedriver + 5877504
12  undetected_chromedriver             0x0000000102d1ddf1 undetected_chromedriver + 5893617
13  undetected_chromedriver             0x0000000102cf4344 undetected_chromedriver + 5722948
14  undetected_chromedriver             0x0000000102d1e80b undetected_chromedriver + 5896203
15  undetected_chromedriver             0x0000000102ce2ac4 undetected_chromedriver + 5651140
16  undetected_chromedriver             0x0000000102d41918 undetected_chromedriver + 6039832
17  undetected_chromedriver             0x0000000102d41ae0 undetected_chromedriver + 6040288
18  undetected_chromedriver             0x0000000102d536d1 undetected_chromedriver + 6112977
19  libsystem_pthread.dylib             0x00007ff8010ac253 _pthread_start + 99
20  libsystem_pthread.dylib             0x00007ff8010a7bef thread_start + 15

